
<?xml version="1.0"?>

<note
xmlns="http://www.w3schools.com"
xmlns:xsi="http://www.w3.org/2001/XMLSchema-instance"
xsi:schemaLocation="http://maven.apache.org/surefire/maven-surefire-plugin/xsd/surefire-test-report.xsd">
